kotlin version: 2.0.21
error message: org.jetbrains.kotlin.backend.common.BackendException: Backend Internal error: Exception during IR lowering
File being compiled: C:/Users/andre/OneDrive/Documentos/GitHub/Consult.MeV/app/src/main/java/com/example/consultme/HomeActivity.kt
The root cause java.lang.RuntimeException was thrown at: org.jetbrains.kotlin.backend.jvm.codegen.FunctionCodegen.generate(FunctionCodegen.kt:47)
	at org.jetbrains.kotlin.backend.common.CodegenUtil.reportBackendException(CodegenUtil.kt:253)
	at org.jetbrains.kotlin.backend.common.CodegenUtil.reportBackendException$default(CodegenUtil.kt:236)
	at org.jetbrains.kotlin.backend.common.phaser.PerformByIrFilePhase.invokeSequential(performByIrFile.kt:65)
	at org.jetbrains.kotlin.backend.common.phaser.PerformByIrFilePhase.invoke(performByIrFile.kt:52)
	at org.jetbrains.kotlin.backend.common.phaser.PerformByIrFilePhase.invoke(performByIrFile.kt:38)
	at org.jetbrains.kotlin.backend.common.phaser.NamedCompilerPhase.phaseBody(CompilerPhase.kt:166)
	at org.jetbrains.kotlin.backend.common.phaser.AbstractNamedCompilerPhase.invoke(CompilerPhase.kt:113)
	at org.jetbrains.kotlin.backend.common.phaser.CompositePhase.invoke(PhaseBuilders.kt:27)
	at org.jetbrains.kotlin.backend.common.phaser.CompositePhase.invoke(PhaseBuilders.kt:14)
	at org.jetbrains.kotlin.backend.common.phaser.NamedCompilerPhase.phaseBody(CompilerPhase.kt:166)
	at org.jetbrains.kotlin.backend.common.phaser.AbstractNamedCompilerPhase.invoke(CompilerPhase.kt:113)
	at org.jetbrains.kotlin.backend.common.phaser.CompilerPhaseKt.invokeToplevel(CompilerPhase.kt:62)
	at org.jetbrains.kotlin.backend.jvm.JvmIrCodegenFactory.invokeCodegen(JvmIrCodegenFactory.kt:371)
	at org.jetbrains.kotlin.codegen.CodegenFactory.generateModule(CodegenFactory.kt:47)
	at org.jetbrains.kotlin.backend.jvm.JvmIrCodegenFactory.generateModuleInFrontendIRMode(JvmIrCodegenFactory.kt:433)
	at org.jetbrains.kotlin.cli.jvm.compiler.pipeline.JvmCompilerPipelineKt.generateCodeFromIr(jvmCompilerPipeline.kt:246)
	at org.jetbrains.kotlin.cli.jvm.compiler.pipeline.JvmCompilerPipelineKt.compileModulesUsingFrontendIrAndLightTree(jvmCompilerPipeline.kt:142)
	at org.jetbrains.kotlin.cli.jvm.K2JVMCompiler.doExecute(K2JVMCompiler.kt:148)
	at org.jetbrains.kotlin.cli.jvm.K2JVMCompiler.doExecute(K2JVMCompiler.kt:43)
	at org.jetbrains.kotlin.cli.common.CLICompiler.execImpl(CLICompiler.kt:103)
	at org.jetbrains.kotlin.cli.common.CLICompiler.execImpl(CLICompiler.kt:49)
	at org.jetbrains.kotlin.cli.common.CLITool.exec(CLITool.kt:101)
	at org.jetbrains.kotlin.incremental.IncrementalJvmCompilerRunner.runCompiler(IncrementalJvmCompilerRunner.kt:464)
	at org.jetbrains.kotlin.incremental.IncrementalJvmCompilerRunner.runCompiler(IncrementalJvmCompilerRunner.kt:73)
	at org.jetbrains.kotlin.incremental.IncrementalCompilerRunner.doCompile(IncrementalCompilerRunner.kt:506)
	at org.jetbrains.kotlin.incremental.IncrementalCompilerRunner.compileImpl(IncrementalCompilerRunner.kt:423)
	at org.jetbrains.kotlin.incremental.IncrementalCompilerRunner.compileNonIncrementally(IncrementalCompilerRunner.kt:301)
	at org.jetbrains.kotlin.incremental.IncrementalCompilerRunner.compile(IncrementalCompilerRunner.kt:129)
	at org.jetbrains.kotlin.daemon.CompileServiceImplBase.execIncrementalCompiler(CompileServiceImpl.kt:675)
	at org.jetbrains.kotlin.daemon.CompileServiceImplBase.access$execIncrementalCompiler(CompileServiceImpl.kt:92)
	at org.jetbrains.kotlin.daemon.CompileServiceImpl.compile(CompileServiceImpl.kt:1660)
	at java.base/jdk.internal.reflect.DirectMethodHandleAccessor.invoke(Unknown Source)
	at java.base/java.lang.reflect.Method.invoke(Unknown Source)
	at java.rmi/sun.rmi.server.UnicastServerRef.dispatch(Unknown Source)
	at java.rmi/sun.rmi.transport.Transport$1.run(Unknown Source)
	at java.rmi/sun.rmi.transport.Transport$1.run(Unknown Source)
	at java.base/java.security.AccessController.doPrivileged(Unknown Source)
	at java.rmi/sun.rmi.transport.Transport.serviceCall(Unknown Source)
	at java.rmi/sun.rmi.transport.tcp.TCPTransport.handleMessages(Unknown Source)
	at java.rmi/sun.rmi.transport.tcp.TCPTransport$ConnectionHandler.run0(Unknown Source)
	at java.rmi/sun.rmi.transport.tcp.TCPTransport$ConnectionHandler.lambda$run$0(Unknown Source)
	at java.base/java.security.AccessController.doPrivileged(Unknown Source)
	at java.rmi/sun.rmi.transport.tcp.TCPTransport$ConnectionHandler.run(Unknown Source)
	at java.base/java.util.concurrent.ThreadPoolExecutor.runWorker(Unknown Source)
	at java.base/java.util.concurrent.ThreadPoolExecutor$Worker.run(Unknown Source)
	at java.base/java.lang.Thread.run(Unknown Source)
Caused by: java.lang.RuntimeException: Exception while generating code for:
FUN LOCAL_FUNCTION_FOR_LAMBDA name:loadScheduledAppointments$lambda$18$lambda$16 visibility:private modality:FINAL <> (this$0:com.example.consultme.HomeActivity, $consultationsContainer:@[FlexibleNullability] android.widget.LinearLayout?, $date:kotlin.String?, $time:kotlin.String?, doctorDocument:@[FlexibleNullability] com.google.firebase.firestore.DocumentSnapshot?) returnType:kotlin.Unit?
  VALUE_PARAMETER BOUND_VALUE_PARAMETER name:this$0 index:0 type:com.example.consultme.HomeActivity
  VALUE_PARAMETER BOUND_VALUE_PARAMETER name:$consultationsContainer index:1 type:@[FlexibleNullability] android.widget.LinearLayout?
  VALUE_PARAMETER BOUND_VALUE_PARAMETER name:$date index:2 type:kotlin.String?
  VALUE_PARAMETER BOUND_VALUE_PARAMETER name:$time index:3 type:kotlin.String?
  VALUE_PARAMETER name:doctorDocument index:4 type:@[FlexibleNullability] com.google.firebase.firestore.DocumentSnapshot?
  BLOCK_BODY
    VAR name:doctorName type:kotlin.String [val]
      BLOCK type=kotlin.String origin=FOLDED_ELVIS
        WHEN type=kotlin.String origin=FOLDED_ELVIS
          BRANCH
            if: COMPOSITE type=kotlin.Boolean origin=null
              VAR IR_TEMPORARY_VARIABLE name:tmp0_elvis_lhs type:@[EnhancedNullability] kotlin.String? [val]
                CALL 'public open fun getString (p0: @[EnhancedNullability] kotlin.String): @[EnhancedNullability] kotlin.String? declared in com.google.firebase.firestore.DocumentSnapshot' type=@[EnhancedNullability] kotlin.String? origin=null
                  $this: GET_VAR 'doctorDocument: @[FlexibleNullability] com.google.firebase.firestore.DocumentSnapshot? declared in com.example.consultme.HomeActivity.loadScheduledAppointments$lambda$18$lambda$16' type=@[FlexibleNullability] com.google.firebase.firestore.DocumentSnapshot? origin=null
                  p0: CONST String type=kotlin.String value="name"
              CALL 'public final fun not (): kotlin.Boolean [operator] declared in kotlin.Boolean' type=kotlin.Boolean origin=null
                $this: CALL 'public final fun EQEQ (arg0: kotlin.Any?, arg1: kotlin.Any?): kotlin.Boolean declared in kotlin.internal.ir' type=kotlin.Boolean origin=null
                  arg0: GET_VAR 'val tmp0_elvis_lhs: @[EnhancedNullability] kotlin.String? [val] declared in com.example.consultme.HomeActivity.loadScheduledAppointments$lambda$18$lambda$16' type=@[EnhancedNullability] kotlin.String? origin=null
                  arg1: CONST Null type=kotlin.Nothing? value=null
            then: GET_VAR 'val tmp0_elvis_lhs: @[EnhancedNullability] kotlin.String? [val] declared in com.example.consultme.HomeActivity.loadScheduledAppointments$lambda$18$lambda$16' type=@[EnhancedNullability] kotlin.String? origin=null
          BRANCH
            if: CONST Boolean type=kotlin.Boolean value=true
            then: CONST String type=kotlin.String value="Doctor no disponible"
    VAR name:videoCallUrl type:kotlin.String? [val]
      CALL 'public open fun getString (p0: @[EnhancedNullability] kotlin.String): @[EnhancedNullability] kotlin.String? declared in com.google.firebase.firestore.DocumentSnapshot' type=@[EnhancedNullability] kotlin.String? origin=null
        $this: GET_VAR 'doctorDocument: @[FlexibleNullability] com.google.firebase.firestore.DocumentSnapshot? declared in com.example.consultme.HomeActivity.loadScheduledAppointments$lambda$18$lambda$16' type=@[FlexibleNullability] com.google.firebase.firestore.DocumentSnapshot? origin=null
        p0: CONST String type=kotlin.String value="videoCallUrl"
    VAR name:appointmentLayout type:android.widget.LinearLayout [val]
      CALL 'public final fun apply <T> (block: @[ExtensionFunctionType] kotlin.Function1<T of kotlin.StandardKt.apply, kotlin.Unit>): T of kotlin.StandardKt.apply [inline] declared in kotlin.StandardKt' type=android.widget.LinearLayout origin=null
        <T>: android.widget.LinearLayout
        $receiver: CONSTRUCTOR_CALL 'public constructor <init> (p0: @[FlexibleNullability] android.content.Context?) declared in android.widget.LinearLayout' type=android.widget.LinearLayout origin=null
          p0: GET_VAR 'this$0: com.example.consultme.HomeActivity declared in com.example.consultme.HomeActivity.loadScheduledAppointments$lambda$18$lambda$16' type=com.example.consultme.HomeActivity origin=null
        block: BLOCK type=@[ExtensionFunctionType] kotlin.Function1<android.widget.LinearLayout, kotlin.Unit> origin=LAMBDA
          COMPOSITE type=kotlin.Unit origin=null
          FUNCTION_REFERENCE 'private final fun loadScheduledAppointments$lambda$18$lambda$16$lambda$8 (): kotlin.Unit declared in com.example.consultme.HomeActivity' type=@[ExtensionFunctionType] kotlin.Function1<android.widget.LinearLayout, kotlin.Unit> origin=INLINE_LAMBDA reflectionTarget=null
    VAR name:textLayout type:android.widget.LinearLayout [val]
      CALL 'public final fun apply <T> (block: @[ExtensionFunctionType] kotlin.Function1<T of kotlin.StandardKt.apply, kotlin.Unit>): T of kotlin.StandardKt.apply [inline] declared in kotlin.StandardKt' type=android.widget.LinearLayout origin=null
        <T>: android.widget.LinearLayout
        $receiver: CONSTRUCTOR_CALL 'public constructor <init> (p0: @[FlexibleNullability] android.content.Context?) declared in android.widget.LinearLayout' type=android.widget.LinearLayout origin=null
          p0: GET_VAR 'this$0: com.example.consultme.HomeActivity declared in com.example.consultme.HomeActivity.loadScheduledAppointments$lambda$18$lambda$16' type=com.example.consultme.HomeActivity origin=null
        block: BLOCK type=@[ExtensionFunctionType] kotlin.Function1<android.widget.LinearLayout, kotlin.Unit> origin=LAMBDA
          COMPOSITE type=kotlin.Unit origin=null
          FUNCTION_REFERENCE 'private final fun loadScheduledAppointments$lambda$18$lambda$16$lambda$9 (): kotlin.Unit declared in com.example.consultme.HomeActivity' type=@[ExtensionFunctionType] kotlin.Function1<android.widget.LinearLayout, kotlin.Unit> origin=INLINE_LAMBDA reflectionTarget=null
    VAR name:tvAppointmentTitle type:android.widget.TextView [val]
      CALL 'public final fun apply <T> (block: @[ExtensionFunctionType] kotlin.Function1<T of kotlin.StandardKt.apply, kotlin.Unit>): T of kotlin.StandardKt.apply [inline] declared in kotlin.StandardKt' type=android.widget.TextView origin=null
        <T>: android.widget.TextView
        $receiver: CONSTRUCTOR_CALL 'public constructor <init> (p0: @[FlexibleNullability] android.content.Context?) declared in android.widget.TextView' type=android.widget.TextView origin=null
          p0: GET_VAR 'this$0: com.example.consultme.HomeActivity declared in com.example.consultme.HomeActivity.loadScheduledAppointments$lambda$18$lambda$16' type=com.example.consultme.HomeActivity origin=null
        block: BLOCK type=@[ExtensionFunctionType] kotlin.Function1<android.widget.TextView, kotlin.Unit> origin=LAMBDA
          COMPOSITE type=kotlin.Unit origin=null
          FUNCTION_REFERENCE 'private final fun loadScheduledAppointments$lambda$18$lambda$16$lambda$10 ($doctorName: kotlin.String): kotlin.Unit declared in com.example.consultme.HomeActivity' type=@[ExtensionFunctionType] kotlin.Function1<android.widget.TextView, kotlin.Unit> origin=INLINE_LAMBDA reflectionTarget=null
            $doctorName: GET_VAR 'val doctorName: kotlin.String [val] declared in com.example.consultme.HomeActivity.loadScheduledAppointments$lambda$18$lambda$16' type=kotlin.String origin=null
    VAR name:tvAppointmentDetails type:android.widget.TextView [val]
      CALL 'public final fun apply <T> (block: @[ExtensionFunctionType] kotlin.Function1<T of kotlin.StandardKt.apply, kotlin.Unit>): T of kotlin.StandardKt.apply [inline] declared in kotlin.StandardKt' type=android.widget.TextView origin=null
        <T>: android.widget.TextView
        $receiver: CONSTRUCTOR_CALL 'public constructor <init> (p0: @[FlexibleNullability] android.content.Context?) declared in android.widget.TextView' type=android.widget.TextView origin=null
          p0: GET_VAR 'this$0: com.example.consultme.HomeActivity declared in com.example.consultme.HomeActivity.loadScheduledAppointments$lambda$18$lambda$16' type=com.example.consultme.HomeActivity origin=null
        block: BLOCK type=@[ExtensionFunctionType] kotlin.Function1<android.widget.TextView, kotlin.Unit> origin=LAMBDA
          COMPOSITE type=kotlin.Unit origin=null
          FUNCTION_REFERENCE 'private final fun loadScheduledAppointments$lambda$18$lambda$16$lambda$11 ($date: kotlin.String?, $time: kotlin.String?): kotlin.Unit declared in com.example.consultme.HomeActivity' type=@[ExtensionFunctionType] kotlin.Function1<android.widget.TextView, kotlin.Unit> origin=INLINE_LAMBDA reflectionTarget=null
            $date: GET_VAR '$date: kotlin.String? declared in com.example.consultme.HomeActivity.loadScheduledAppointments$lambda$18$lambda$16' type=kotlin.String? origin=null
            $time: GET_VAR '$time: kotlin.String? declared in com.example.consultme.HomeActivity.loadScheduledAppointments$lambda$18$lambda$16' type=kotlin.String? origin=null
    CALL 'public open fun addView (p0: @[FlexibleNullability] android.view.View?): kotlin.Unit [fake_override] declared in android.widget.LinearLayout' type=kotlin.Unit origin=null
      $this: GET_VAR 'val textLayout: android.widget.LinearLayout [val] declared in com.example.consultme.HomeActivity.loadScheduledAppointments$lambda$18$lambda$16' type=android.widget.LinearLayout origin=null
      p0: GET_VAR 'val tvAppointmentTitle: android.widget.TextView [val] declared in com.example.consultme.HomeActivity.loadScheduledAppointments$lambda$18$lambda$16' type=android.widget.TextView origin=null
    CALL 'public open fun addView (p0: @[FlexibleNullability] android.view.View?): kotlin.Unit [fake_override] declared in android.widget.LinearLayout' type=kotlin.Unit origin=null
      $this: GET_VAR 'val textLayout: android.widget.LinearLayout [val] declared in com.example.consultme.HomeActivity.loadScheduledAppointments$lambda$18$lambda$16' type=android.widget.LinearLayout origin=null
      p0: GET_VAR 'val tvAppointmentDetails: android.widget.TextView [val] declared in com.example.consultme.HomeActivity.loadScheduledAppointments$lambda$18$lambda$16' type=android.widget.TextView origin=null
    VAR name:joinButton type:android.widget.Button [val]
      CALL 'public final fun apply <T> (block: @[ExtensionFunctionType] kotlin.Function1<T of kotlin.StandardKt.apply, kotlin.Unit>): T of kotlin.StandardKt.apply [inline] declared in kotlin.StandardKt' type=android.widget.Button origin=null
        <T>: android.widget.Button
        $receiver: CONSTRUCTOR_CALL 'public constructor <init> (p0: @[FlexibleNullability] android.content.Context?) declared in android.widget.Button' type=android.widget.Button origin=null
          p0: GET_VAR 'this$0: com.example.consultme.HomeActivity declared in com.example.consultme.HomeActivity.loadScheduledAppointments$lambda$18$lambda$16' type=com.example.consultme.HomeActivity origin=null
        block: BLOCK type=@[ExtensionFunctionType] kotlin.Function1<android.widget.Button, kotlin.Unit> origin=LAMBDA
          COMPOSITE type=kotlin.Unit origin=null
          FUNCTION_REFERENCE 'private final fun loadScheduledAppointments$lambda$18$lambda$16$lambda$13 ($videoCallUrl: kotlin.String?, this$0: com.example.consultme.HomeActivity): kotlin.Unit declared in com.example.consultme.HomeActivity' type=@[ExtensionFunctionType] kotlin.Function1<android.widget.Button, kotlin.Unit> origin=INLINE_LAMBDA reflectionTarget=null
            $videoCallUrl: GET_VAR 'val videoCallUrl: kotlin.String? [val] declared in com.example.consultme.HomeActivity.loadScheduledAppointments$lambda$18$lambda$16' type=kotlin.String? origin=null
            this$0: GET_VAR 'this$0: com.example.consultme.HomeActivity declared in com.example.consultme.HomeActivity.loadScheduledAppointments$lambda$18$lambda$16' type=com.example.consultme.HomeActivity origin=null
    CALL 'public open fun addView (p0: @[FlexibleNullability] android.view.View?): kotlin.Unit [fake_override] declared in android.widget.LinearLayout' type=kotlin.Unit origin=null
      $this: GET_VAR 'val appointmentLayout: android.widget.LinearLayout [val] declared in com.example.consultme.HomeActivity.loadScheduledAppointments$lambda$18$lambda$16' type=android.widget.LinearLayout origin=null
      p0: GET_VAR 'val textLayout: android.widget.LinearLayout [val] declared in com.example.consultme.HomeActivity.loadScheduledAppointments$lambda$18$lambda$16' type=android.widget.LinearLayout origin=null
    CALL 'public open fun addView (p0: @[FlexibleNullability] android.view.View?): kotlin.Unit [fake_override] declared in android.widget.LinearLayout' type=kotlin.Unit origin=null
      $this: GET_VAR 'val appointmentLayout: android.widget.LinearLayout [val] declared in com.example.consultme.HomeActivity.loadScheduledAppointments$lambda$18$lambda$16' type=android.widget.LinearLayout origin=null
      p0: GET_VAR 'val joinButton: android.widget.Button [val] declared in com.example.consultme.HomeActivity.loadScheduledAppointments$lambda$18$lambda$16' type=android.widget.Button origin=null
    VAR name:cardView type:androidx.cardview.widget.CardView [val]
      CALL 'public final fun apply <T> (block: @[ExtensionFunctionType] kotlin.Function1<T of kotlin.StandardKt.apply, kotlin.Unit>): T of kotlin.StandardKt.apply [inline] declared in kotlin.StandardKt' type=androidx.cardview.widget.CardView origin=null
        <T>: androidx.cardview.widget.CardView
        $receiver: CONSTRUCTOR_CALL 'public constructor <init> (p0: @[EnhancedNullability] android.content.Context) declared in androidx.cardview.widget.CardView' type=androidx.cardview.widget.CardView origin=null
          p0: GET_VAR 'this$0: com.example.consultme.HomeActivity declared in com.example.consultme.HomeActivity.loadScheduledAppointments$lambda$18$lambda$16' type=com.example.consultme.HomeActivity origin=null
        block: BLOCK type=@[ExtensionFunctionType] kotlin.Function1<androidx.cardview.widget.CardView, kotlin.Unit> origin=LAMBDA
          COMPOSITE type=kotlin.Unit origin=null
          FUNCTION_REFERENCE 'private final fun loadScheduledAppointments$lambda$18$lambda$16$lambda$15 ($appointmentLayout: android.widget.LinearLayout): kotlin.Unit declared in com.example.consultme.HomeActivity' type=@[ExtensionFunctionType] kotlin.Function1<androidx.cardview.widget.CardView, kotlin.Unit> origin=INLINE_LAMBDA reflectionTarget=null
            $appointmentLayout: GET_VAR 'val appointmentLayout: android.widget.LinearLayout [val] declared in com.example.consultme.HomeActivity.loadScheduledAppointments$lambda$18$lambda$16' type=android.widget.LinearLayout origin=null
    CALL 'public open fun addView (p0: @[FlexibleNullability] android.view.View?): kotlin.Unit [fake_override] declared in android.widget.LinearLayout' type=kotlin.Unit origin=null
      $this: GET_VAR '$consultationsContainer: @[FlexibleNullability] android.widget.LinearLayout? declared in com.example.consultme.HomeActivity.loadScheduledAppointments$lambda$18$lambda$16' type=@[FlexibleNullability] android.widget.LinearLayout? origin=null
      p0: GET_VAR 'val cardView: androidx.cardview.widget.CardView [val] declared in com.example.consultme.HomeActivity.loadScheduledAppointments$lambda$18$lambda$16' type=androidx.cardview.widget.CardView origin=null

	at org.jetbrains.kotlin.backend.jvm.codegen.FunctionCodegen.generate(FunctionCodegen.kt:47)
	at org.jetbrains.kotlin.backend.jvm.codegen.FunctionCodegen.generate$default(FunctionCodegen.kt:40)
	at org.jetbrains.kotlin.backend.jvm.codegen.ClassCodegen.generateMethodNode(ClassCodegen.kt:406)
	at org.jetbrains.kotlin.backend.jvm.codegen.ClassCodegen.generateMethod(ClassCodegen.kt:423)
	at org.jetbrains.kotlin.backend.jvm.codegen.ClassCodegen.generate(ClassCodegen.kt:168)
	at org.jetbrains.kotlin.backend.jvm.FileCodegen.lower(JvmPhases.kt:39)
	at org.jetbrains.kotlin.backend.common.phaser.PhaseFactoriesKt.createFilePhase$lambda$4(PhaseFactories.kt:71)
	at org.jetbrains.kotlin.backend.common.phaser.PhaseBuildersKt$createSimpleNamedCompilerPhase$1.phaseBody(PhaseBuilders.kt:69)
	at org.jetbrains.kotlin.backend.common.phaser.SimpleNamedCompilerPhase.phaseBody(CompilerPhase.kt:226)
	at org.jetbrains.kotlin.backend.common.phaser.AbstractNamedCompilerPhase.invoke(CompilerPhase.kt:113)
	at org.jetbrains.kotlin.backend.common.phaser.PerformByIrFilePhase.invokeSequential(performByIrFile.kt:62)
	... 43 more
Caused by: java.lang.RuntimeException: Exception while generating code for:
FUN INLINE_LAMBDA name:loadScheduledAppointments$lambda$18$lambda$16$lambda$10 visibility:private modality:FINAL <> ($receiver:android.widget.TextView, $doctorName:kotlin.String) returnType:kotlin.Unit
  $receiver: VALUE_PARAMETER name:$this$apply type:android.widget.TextView
  VALUE_PARAMETER BOUND_VALUE_PARAMETER name:$doctorName index:0 type:kotlin.String
  BLOCK_BODY
    VAR name:$i$a$-apply-HomeActivity$loadScheduledAppointments$1$1$tvAppointmentTitle$1 type:kotlin.Int [val]
      CONST Int type=kotlin.Int value=0
    CALL 'public final fun setText (p0: @[FlexibleNullability] kotlin.CharSequence?): kotlin.Unit declared in android.widget.TextView' type=kotlin.Unit origin=EQ
      $this: GET_VAR '$this$apply: android.widget.TextView declared in com.example.consultme.HomeActivity.loadScheduledAppointments$lambda$18$lambda$16$lambda$10' type=android.widget.TextView origin=null
      p0: STRING_CONCATENATION type=kotlin.String
        CONST String type=kotlin.String value="Cita con "
        GET_VAR '$doctorName: kotlin.String declared in com.example.consultme.HomeActivity.loadScheduledAppointments$lambda$18$lambda$16$lambda$10' type=kotlin.String origin=null
    CALL 'public open fun setTextSize (p0: kotlin.Float): kotlin.Unit declared in android.widget.TextView' type=kotlin.Unit origin=EQ
      $this: GET_VAR '$this$apply: android.widget.TextView declared in com.example.consultme.HomeActivity.loadScheduledAppointments$lambda$18$lambda$16$lambda$10' type=android.widget.TextView origin=null
      p0: CONST Float type=kotlin.Float value=16.0
    SET_FIELD 'FIELD IR_EXTERNAL_JAVA_DECLARATION_STUB name:textStyle type:kotlin.Int visibility:public [final,static] declared in android.R.attr' type=kotlin.Unit superQualifierSymbol=android.R.attr origin=EQ
      value: CONST Int type=kotlin.Int value=1

	at org.jetbrains.kotlin.backend.jvm.codegen.FunctionCodegen.generate(FunctionCodegen.kt:47)
	at org.jetbrains.kotlin.backend.jvm.codegen.IrSourceCompilerForInline.generateLambdaBody(IrSourceCompilerForInline.kt:67)
	at org.jetbrains.kotlin.codegen.inline.ExpressionLambda.generateLambdaBody(LambdaInfo.kt:72)
	at org.jetbrains.kotlin.backend.jvm.codegen.IrInlineCodegen.genValueAndPut(IrInlineCodegen.kt:100)
	at org.jetbrains.kotlin.backend.jvm.codegen.ExpressionCodegen.visitCall$handleParameter(ExpressionCodegen.kt:616)
	at org.jetbrains.kotlin.backend.jvm.codegen.ExpressionCodegen.visitCall(ExpressionCodegen.kt:644)
	at org.jetbrains.kotlin.backend.jvm.codegen.ExpressionCodegen.visitCall(ExpressionCodegen.kt:138)
	at org.jetbrains.kotlin.ir.expressions.IrCall.accept(IrCall.kt:24)
	at org.jetbrains.kotlin.backend.jvm.codegen.ExpressionCodegen.visitVariable(ExpressionCodegen.kt:790)
	at org.jetbrains.kotlin.backend.jvm.codegen.ExpressionCodegen.visitVariable(ExpressionCodegen.kt:138)
	at org.jetbrains.kotlin.ir.declarations.IrVariable.accept(IrVariable.kt:36)
	at org.jetbrains.kotlin.backend.jvm.codegen.ExpressionCodegen.visitStatementContainer(ExpressionCodegen.kt:579)
	at org.jetbrains.kotlin.backend.jvm.codegen.ExpressionCodegen.visitBlockBody(ExpressionCodegen.kt:584)
	at org.jetbrains.kotlin.backend.jvm.codegen.ExpressionCodegen.visitBlockBody(ExpressionCodegen.kt:138)
	at org.jetbrains.kotlin.ir.expressions.IrBlockBody.accept(IrBlockBody.kt:20)
	at org.jetbrains.kotlin.backend.jvm.codegen.ExpressionCodegen.generate(ExpressionCodegen.kt:240)
	at org.jetbrains.kotlin.backend.jvm.codegen.FunctionCodegen.doGenerate(FunctionCodegen.kt:123)
	at org.jetbrains.kotlin.backend.jvm.codegen.FunctionCodegen.generate(FunctionCodegen.kt:44)
	... 53 more
Caused by: java.lang.AssertionError: access of const val: SET_FIELD 'FIELD IR_EXTERNAL_JAVA_DECLARATION_STUB name:textStyle type:kotlin.Int visibility:public [final,static] declared in android.R.attr' type=kotlin.Unit superQualifierSymbol=android.R.attr origin=EQ
  value: CONST Int type=kotlin.Int value=1

	at org.jetbrains.kotlin.backend.jvm.codegen.ExpressionCodegen.visitFieldAccess(ExpressionCodegen.kt:861)
	at org.jetbrains.kotlin.backend.jvm.codegen.ExpressionCodegen.visitFieldAccess(ExpressionCodegen.kt:138)
	at org.jetbrains.kotlin.ir.visitors.IrElementVisitor$DefaultImpls.visitSetField(IrElementVisitor.kt:206)
	at org.jetbrains.kotlin.backend.jvm.codegen.ExpressionCodegen.visitSetField(ExpressionCodegen.kt:908)
	at org.jetbrains.kotlin.backend.jvm.codegen.ExpressionCodegen.visitSetField(ExpressionCodegen.kt:138)
	at org.jetbrains.kotlin.ir.expressions.IrSetField.accept(IrSetField.kt:21)
	at org.jetbrains.kotlin.backend.jvm.codegen.ExpressionCodegen.visitStatementContainer(ExpressionCodegen.kt:579)
	at org.jetbrains.kotlin.backend.jvm.codegen.ExpressionCodegen.visitBlockBody(ExpressionCodegen.kt:584)
	at org.jetbrains.kotlin.backend.jvm.codegen.ExpressionCodegen.visitBlockBody(ExpressionCodegen.kt:138)
	at org.jetbrains.kotlin.ir.expressions.IrBlockBody.accept(IrBlockBody.kt:20)
	at org.jetbrains.kotlin.backend.jvm.codegen.ExpressionCodegen.generate(ExpressionCodegen.kt:240)
	at org.jetbrains.kotlin.backend.jvm.codegen.FunctionCodegen.doGenerate(FunctionCodegen.kt:123)
	at org.jetbrains.kotlin.backend.jvm.codegen.FunctionCodegen.generate(FunctionCodegen.kt:44)
	... 70 more


